0 info it worked if it ends with ok
1 verbose cli [ 'C:\\Program Files\\nodejs\\node.exe',
1 verbose cli   'C:\\Program Files\\nodejs\\node_modules\\npm\\bin\\npm-cli.js',
1 verbose cli   'run',
1 verbose cli   'build' ]
2 info using npm@3.10.8
3 info using node@v6.9.1
4 verbose run-script [ 'prebuild', 'build', 'postbuild' ]
5 info lifecycle my-app@0.1.0~prebuild: my-app@0.1.0
6 silly lifecycle my-app@0.1.0~prebuild: no script for prebuild, continuing
7 info lifecycle my-app@0.1.0~build: my-app@0.1.0
8 verbose lifecycle my-app@0.1.0~build: unsafe-perm in lifecycle true
9 verbose lifecycle my-app@0.1.0~build: PATH: C:\Program Files\nodejs\node_modules\npm\bin\node-gyp-bin;C:\Users\Black Curtains\Desktop\myapp\my-app\node_modules\.bin;C:\Users\Black Curtains\bin;C:\Program Files\Git\mingw64\bin;C:\Program Files\Git\usr\local\bin;C:\Program Files\Git\usr\bin;C:\Program Files\Git\usr\bin;C:\Program Files\Git\mingw64\bin;C:\Program Files\Git\usr\bin;C:\Users\Black Curtains\bin;C:\Windows\system32;C:\Windows;C:\Windows\System32\Wbem;C:\Windows\System32\WindowsPowerShell\v1.0;C:\Program Files\nodejs;C:\OpenCV\build\x64\vc12\bin;C:\Program Files\Git\cmd;C:\Users\Black Curtains\Anaconda3;C:\Users\Black Curtains\Anaconda3\Scripts;C:\Users\Black Curtains\Anaconda3\Library\bin;C:\Android\sdk;C:\Users\Black Curtains\AppData\Roaming\npm;C:\OpenCV\build\x64\vc12\bin;C:\Python27\Scripts;C:\Python27;C:\Program Files (x86)\MSBuild\14.0\Bin\amd64;C:\Users\Black Curtains\AppData\Local\Programs\Git\cmd;C:\Program Files\Heroku\bin;C:\Program Files\Git\usr\bin\vendor_perl;C:\Program Files\Git\usr\bin\core_perl
10 verbose lifecycle my-app@0.1.0~build: CWD: C:\Users\Black Curtains\Desktop\myapp\my-app
11 silly lifecycle my-app@0.1.0~build: Args: [ '/d /s /c',
11 silly lifecycle   'cross-env NODE_ENV=production webpack --config ./webpack.prod.config.js --progress --colors' ]
12 silly lifecycle my-app@0.1.0~build: Returned: code: 1  signal: null
13 info lifecycle my-app@0.1.0~build: Failed to exec build script
14 verbose stack Error: my-app@0.1.0 build: `cross-env NODE_ENV=production webpack --config ./webpack.prod.config.js --progress --colors`
14 verbose stack Exit status 1
14 verbose stack     at EventEmitter.<anonymous> (C:\Program Files\nodejs\node_modules\npm\lib\utils\lifecycle.js:255:16)
14 verbose stack     at emitTwo (events.js:106:13)
14 verbose stack     at EventEmitter.emit (events.js:191:7)
14 verbose stack     at ChildProcess.<anonymous> (C:\Program Files\nodejs\node_modules\npm\lib\utils\spawn.js:40:14)
14 verbose stack     at emitTwo (events.js:106:13)
14 verbose stack     at ChildProcess.emit (events.js:191:7)
14 verbose stack     at maybeClose (internal/child_process.js:877:16)
14 verbose stack     at Process.ChildProcess._handle.onexit (internal/child_process.js:226:5)
15 verbose pkgid my-app@0.1.0
16 verbose cwd C:\Users\Black Curtains\Desktop\myapp\my-app
17 error Windows_NT 6.1.7601
18 error argv "C:\\Program Files\\nodejs\\node.exe" "C:\\Program Files\\nodejs\\node_modules\\npm\\bin\\npm-cli.js" "run" "build"
19 error node v6.9.1
20 error npm  v3.10.8
21 error code ELIFECYCLE
22 error my-app@0.1.0 build: `cross-env NODE_ENV=production webpack --config ./webpack.prod.config.js --progress --colors`
22 error Exit status 1
23 error Failed at the my-app@0.1.0 build script 'cross-env NODE_ENV=production webpack --config ./webpack.prod.config.js --progress --colors'.
23 error Make sure you have the latest version of node.js and npm installed.
23 error If you do, this is most likely a problem with the my-app package,
23 error not with npm itself.
23 error Tell the author that this fails on your system:
23 error     cross-env NODE_ENV=production webpack --config ./webpack.prod.config.js --progress --colors
23 error You can get information on how to open an issue for this project with:
23 error     npm bugs my-app
23 error Or if that isn't available, you can get their info via:
23 error     npm owner ls my-app
23 error There is likely additional logging output above.
24 verbose exit [ 1, true ]
